INFO:navigator:[INFO] [19:14:17:853094] [launch]: All log files can be found below /root/.ros/log/2022-11-10-19-14-17-848240-justingpu-14882
INFO:navigator:[INFO] [19:14:17:853847] [launch]: Default logging verbosity is set to INFO
ERROR:navigator:Task exception was never retrieved
ERROR:navigator:future: <Task finished name='Task-2' coro=<LaunchService._process_one_event() done, defined at /opt/ros/foxy/lib/python3.8/site-packages/launch/launch_service.py:226> exception=PackageNotFoundError("package 'unified_controller' not found, searching: ['/workspace/ros-bridge/install/carla_ad_demo', '/workspace/ros-bridge/install/rviz_carla_plugin', '/workspace/ros-bridge/install/rqt_carla_control', '/workspace/ros-bridge/install/pcl_recorder', '/workspace/ros-bridge/install/carla_waypoint_publisher', '/workspace/ros-bridge/install/carla_ackermann_control', '/workspace/ros-bridge/install/carla_ros_bridge', '/workspace/ros-bridge/install/carla_spawn_objects', '/workspace/ros-bridge/install/carla_manual_control', '/workspace/ros-bridge/install/carla_ad_agent', '/workspace/ros-bridge/install/ros_compatibility', '/workspace/ros-bridge/install/carla_waypoint_types', '/workspace/ros-bridge/install/carla_walker_agent', '/workspace/ros-bridge/install/carla_twist_to_control', '/workspace/ros-bridge/install/carla_ros_scenario_runner', '/workspace/ros-bridge/install/carla_ros_scenario_runner_types', '/workspace/ros-bridge/install/carla_ackermann_msgs', '/workspace/ros-bridge/install/carla_msgs', '/workspace/ros-bridge/install/carla_common', '/opt/ros/foxy']")>
ERROR:navigator:Traceback (most recent call last):
ERROR:navigator:  File "/opt/ros/foxy/lib/python3.8/site-packages/ament_index_python/packages.py", line 50, in get_package_prefix
ERROR:navigator:    content, package_prefix = get_resource('packages', package_name)
ERROR:navigator:  File "/opt/ros/foxy/lib/python3.8/site-packages/ament_index_python/resources.py", line 48, in get_resource
ERROR:navigator:    raise LookupError(
ERROR:navigator:LookupError: Could not find the resource 'unified_controller' of type 'packages'
ERROR:navigator:During handling of the above exception, another exception occurred:
ERROR:navigator:Traceback (most recent call last):
ERROR:navigator:  File "/opt/ros/foxy/lib/python3.8/site-packages/launch/launch_service.py", line 228, in _process_one_event
ERROR:navigator:    await self.__process_event(next_event)
ERROR:navigator:  File "/opt/ros/foxy/lib/python3.8/site-packages/launch/launch_service.py", line 248, in __process_event
ERROR:navigator:    visit_all_entities_and_collect_futures(entity, self.__context))
ERROR:navigator:  File "/opt/ros/foxy/lib/python3.8/site-packages/launch/utilities/visit_all_entities_and_collect_futures_impl.py", line 45, in visit_all_entities_and_collect_futures
ERROR:navigator:    futures_to_return += visit_all_entities_and_collect_futures(sub_entity, context)
ERROR:navigator:  File "/opt/ros/foxy/lib/python3.8/site-packages/launch/utilities/visit_all_entities_and_collect_futures_impl.py", line 45, in visit_all_entities_and_collect_futures
ERROR:navigator:    futures_to_return += visit_all_entities_and_collect_futures(sub_entity, context)
ERROR:navigator:  File "/opt/ros/foxy/lib/python3.8/site-packages/launch/utilities/visit_all_entities_and_collect_futures_impl.py", line 45, in visit_all_entities_and_collect_futures
ERROR:navigator:    futures_to_return += visit_all_entities_and_collect_futures(sub_entity, context)
ERROR:navigator:  [Previous line repeated 1 more time]
ERROR:navigator:  File "/opt/ros/foxy/lib/python3.8/site-packages/launch/utilities/visit_all_entities_and_collect_futures_impl.py", line 38, in visit_all_entities_and_collect_futures
ERROR:navigator:    sub_entities = entity.visit(context)
ERROR:navigator:  File "/opt/ros/foxy/lib/python3.8/site-packages/launch/action.py", line 108, in visit
ERROR:navigator:    return self.execute(context)
ERROR:navigator:  File "/opt/ros/foxy/lib/python3.8/site-packages/launch_ros/actions/node.py", line 453, in execute
ERROR:navigator:    ret = super().execute(context)
ERROR:navigator:  File "/opt/ros/foxy/lib/python3.8/site-packages/launch/actions/execute_process.py", line 823, in execute
ERROR:navigator:    self.__expand_substitutions(context)
ERROR:navigator:  File "/opt/ros/foxy/lib/python3.8/site-packages/launch/actions/execute_process.py", line 668, in __expand_substitutions
ERROR:navigator:    cmd = [perform_substitutions(context, x) for x in self.__cmd]
ERROR:navigator:  File "/opt/ros/foxy/lib/python3.8/site-packages/launch/actions/execute_process.py", line 668, in <listcomp>
ERROR:navigator:    cmd = [perform_substitutions(context, x) for x in self.__cmd]
ERROR:navigator:  File "/opt/ros/foxy/lib/python3.8/site-packages/launch/utilities/perform_substitutions_impl.py", line 26, in perform_substitutions
ERROR:navigator:    return ''.join([context.perform_substitution(sub) for sub in subs])
ERROR:navigator:  File "/opt/ros/foxy/lib/python3.8/site-packages/launch/utilities/perform_substitutions_impl.py", line 26, in <listcomp>
ERROR:navigator:    return ''.join([context.perform_substitution(sub) for sub in subs])
ERROR:navigator:  File "/opt/ros/foxy/lib/python3.8/site-packages/launch/launch_context.py", line 219, in perform_substitution
ERROR:navigator:    return substitution.perform(self)
ERROR:navigator:  File "/opt/ros/foxy/lib/python3.8/site-packages/launch_ros/substitutions/executable_in_package.py", line 76, in perform
ERROR:navigator:    package_prefix = super().perform(context)
ERROR:navigator:  File "/opt/ros/foxy/lib/python3.8/site-packages/launch_ros/substitutions/find_package.py", line 79, in perform
ERROR:navigator:    result = self.find(package)
ERROR:navigator:  File "/opt/ros/foxy/lib/python3.8/site-packages/launch_ros/substitutions/find_package.py", line 96, in find
ERROR:navigator:    return get_package_prefix(package_name)
ERROR:navigator:  File "/opt/ros/foxy/lib/python3.8/site-packages/ament_index_python/packages.py", line 52, in get_package_prefix
ERROR:navigator:    raise PackageNotFoundError(
ERROR:navigator:ament_index_python.packages.PackageNotFoundError: "package 'unified_controller' not found, searching: ['/workspace/ros-bridge/install/carla_ad_demo', '/workspace/ros-bridge/install/rviz_carla_plugin', '/workspace/ros-bridge/install/rqt_carla_control', '/workspace/ros-bridge/install/pcl_recorder', '/workspace/ros-bridge/install/carla_waypoint_publisher', '/workspace/ros-bridge/install/carla_ackermann_control', '/workspace/ros-bridge/install/carla_ros_bridge', '/workspace/ros-bridge/install/carla_spawn_objects', '/workspace/ros-bridge/install/carla_manual_control', '/workspace/ros-bridge/install/carla_ad_agent', '/workspace/ros-bridge/install/ros_compatibility', '/workspace/ros-bridge/install/carla_waypoint_types', '/workspace/ros-bridge/install/carla_walker_agent', '/workspace/ros-bridge/install/carla_twist_to_control', '/workspace/ros-bridge/install/carla_ros_scenario_runner', '/workspace/ros-bridge/install/carla_ros_scenario_runner_types', '/workspace/ros-bridge/install/carla_ackermann_msgs', '/workspace/ros-bridge/install/carla_msgs', '/workspace/ros-bridge/install/carla_common', '/opt/ros/foxy']"
INFO:navigator:[INFO] [19:14:25:525832] [launch]: All log files can be found below /root/.ros/log/2022-11-10-19-14-25-520492-justingpu-15160
INFO:navigator:[INFO] [19:14:25:526447] [launch]: Default logging verbosity is set to INFO
INFO:navigator:[INFO] [19:14:25:571101] [unified_controller_node]: process started with pid [15175]
INFO:navigator:[INFO] [19:14:25:571604] [localization_map_odom]: process started with pid [15177]
INFO:navigator:[INFO] [19:14:25:572019] [odr_visualizer_node]: process started with pid [15179]
INFO:navigator:[INFO] [19:14:25:572432] [static_transform_publisher]: process started with pid [15181]
INFO:navigator:[INFO] [19:14:25:572808] [robot_state_publisher]: process started with pid [15183]
INFO:navigator:[INFO] [19:14:25:573168] [vt_viz_node]: process started with pid [15185]
INFO:navigator:[INFO] [19:14:25:573584] [zone_fusion]: process started with pid [15187]
INFO:navigator:[INFO] [19:14:25:573913] [obstacle_zoner]: process started with pid [15189]
INFO:navigator:[INFO] [19:14:25:574167] [behavior_planner]: process started with pid [15191]
INFO:navigator:[INFO] [19:14:25:574487] [path_publisher_node]: process started with pid [15193]
INFO:navigator:[INFO] [19:14:25:574826] [motion_planner_node]: process started with pid [15195]
INFO:navigator:[INFO] [19:14:25:579226] [static_transform_publisher]: using network interface enp70s0 (udp/10.169.42.42) selected arbitrarily from
INFO:navigator:[INFO] [19:14:25:579667] [zone_fusion]: using network interface enp70s0 (udp/10.169.42.42) selected arbitrarily from
INFO:navigator:[INFO] [19:14:25:580129] [behavior_planner]: using network interface enp70s0 (udp/10.169.42.42) selected arbitrarily from
INFO:navigator:[INFO] [19:14:25:580457] [odr_visualizer_node]: using network interface enp70s0 (udp/10.169.42.42) selected arbitrarily from
INFO:navigator:[INFO] [19:14:25:580887] [obstacle_zoner]: using network interface enp70s0 (udp/10.169.42.42) selected arbitrarily from
INFO:navigator:[INFO] [19:14:25:581187] [path_publisher_node]: using network interface enp70s0 (udp/10.169.42.42) selected arbitrarily from
INFO:navigator:[INFO] [19:14:25:581556] [motion_planner_node]: using network interface enp70s0 (udp/10.169.42.42) selected arbitrarily from
INFO:navigator:[INFO] [19:14:25:584872] [robot_state_publisher]: using network interface enp70s0 (udp/10.169.42.42) selected arbitrarily from
INFO:navigator:[INFO] [19:14:25:585242] [localization_map_odom]: using network interface enp70s0 (udp/10.169.42.42) selected arbitrarily from
INFO:navigator:[INFO] [19:14:25:586364] [obstacle_zoner]: Start obstacle zoner
INFO:navigator:[INFO] [19:14:25:586704] [behavior_planner]: Reading from
INFO:navigator:[INFO] [19:14:25:587594] [static_transform_publisher]: Spinning until killed publishing transform from 'odom' to 'base_link'
INFO:navigator:[INFO] [19:14:25:587843] [zone_fusion]: Start zone fuser
INFO:navigator:[INFO] [19:14:25:589318] [path_publisher_node]: Reading from
INFO:navigator:[INFO] [19:14:25:590761] [odr_visualizer_node]: Reading from
WARNING:navigator:[WARN] [19:14:25:591045] [robot_state_publisher]: No robot_description parameter, but command-line argument available.  Assuming argument is name of URDF file.  This backwards compatibility fallback will be removed in the future.
INFO:navigator:[INFO] [19:14:25:592383] [robot_state_publisher]: Parsing robot urdf xml string.
INFO:navigator:[INFO] [19:14:25:593356] [robot_state_publisher]: The root link base_link has an inertia specified in the URDF, but KDL does not support a root link with an inertia.  As a workaround, you can add an extra dummy link to your URDF.
INFO:navigator:[INFO] [19:14:25:593623] [robot_state_publisher]: Link arduino_imu had 0 children
INFO:navigator:[INFO] [19:14:25:593846] [robot_state_publisher]: Link gnss had 0 children
INFO:navigator:[INFO] [19:14:25:594091] [robot_state_publisher]: Link imu had 0 children
INFO:navigator:[INFO] [19:14:25:594284] [robot_state_publisher]: Link lidar_front had 0 children
INFO:navigator:[INFO] [19:14:25:594479] [robot_state_publisher]: Link lidar_rear had 0 children
INFO:navigator:[INFO] [19:14:25:594694] [robot_state_publisher]: Link zed2_camera_center had 0 children
INFO:navigator:[INFO] [19:14:25:594920] [robot_state_publisher]: Link zed2_left_camera_optical_frame had 0 children
INFO:navigator:[INFO] [19:14:25:595130] [robot_state_publisher]: got segment arduino_imu
INFO:navigator:[INFO] [19:14:25:595363] [robot_state_publisher]: got segment base_link
INFO:navigator:[INFO] [19:14:25:595620] [robot_state_publisher]: got segment gnss
INFO:navigator:[INFO] [19:14:25:595858] [robot_state_publisher]: got segment imu
INFO:navigator:[INFO] [19:14:25:596111] [robot_state_publisher]: got segment lidar_front
INFO:navigator:[INFO] [19:14:25:596350] [robot_state_publisher]: got segment lidar_rear
INFO:navigator:[INFO] [19:14:25:596564] [robot_state_publisher]: got segment zed2_camera_center
INFO:navigator:[INFO] [19:14:25:596771] [robot_state_publisher]: got segment zed2_left_camera_optical_frame
INFO:navigator:[INFO] [19:14:25:611247] [path_publisher_node]: generated path
INFO:navigator:[INFO] [19:14:25:626982] [odr_visualizer_node]: 992 lanes, 277 roads, 16704 POINTS
INFO:navigator:[INFO] [19:14:25:972271] [vt_viz_node]: using network interface enp70s0 (udp/10.169.42.42) selected arbitrarily from
INFO:navigator:[INFO] [19:14:25:995836] [unified_controller_node]: using network interface enp70s0 (udp/10.169.42.42) selected arbitrarily from
WARNING:navigator:[WARN] [19:14:26:089962] [path_publisher_node]: Odometry not yet received, skipping...
ERROR:navigator:[vt_viz_exe-6] Traceback (most recent call last):
ERROR:navigator:[vt_viz_exe-6]   File "/opt/ros/foxy/lib/python3.8/site-packages/rosidl_generator_py/import_type_support_impl.py", line 46, in import_type_support
ERROR:navigator:[vt_viz_exe-6]     return importlib.import_module(module_name, package=pkg_name)
ERROR:navigator:[vt_viz_exe-6]   File "/usr/lib/python3.8/importlib/__init__.py", line 127, in import_module
ERROR:navigator:[vt_viz_exe-6]     return _bootstrap._gcd_import(name[level:], package, level)
ERROR:navigator:[vt_viz_exe-6]   File "<frozen importlib._bootstrap>", line 1014, in _gcd_import
ERROR:navigator:[vt_viz_exe-6]   File "<frozen importlib._bootstrap>", line 991, in _find_and_load
ERROR:navigator:[vt_viz_exe-6]   File "<frozen importlib._bootstrap>", line 975, in _find_and_load_unlocked
ERROR:navigator:[vt_viz_exe-6]   File "<frozen importlib._bootstrap>", line 657, in _load_unlocked
ERROR:navigator:[vt_viz_exe-6]   File "<frozen importlib._bootstrap>", line 556, in module_from_spec
ERROR:navigator:[vt_viz_exe-6]   File "<frozen importlib._bootstrap_external>", line 1166, in create_module
ERROR:navigator:[vt_viz_exe-6]   File "<frozen importlib._bootstrap>", line 219, in _call_with_frames_removed
ERROR:navigator:[vt_viz_exe-6] ImportError: /navigator/install/voltron_msgs/lib/python3.8/site-packages/voltron_msgs/voltron_msgs_s__rosidl_typesupport_c.cpython-38-x86_64-linux-gnu.so: undefined symbol: voltron_msgs__msg__ogma_key_value_pair__convert_to_py
ERROR:navigator:[vt_viz_exe-6]
INFO:navigator:[INFO] [19:14:26:171293] [vt_viz_node]: During handling of the above exception, another exception occurred:
ERROR:navigator:[vt_viz_exe-6]
ERROR:navigator:[vt_viz_exe-6] Traceback (most recent call last):
ERROR:navigator:[vt_viz_exe-6]   File "/navigator/install/vt_viz/lib/vt_viz/vt_viz_exe", line 11, in <module>
ERROR:navigator:[vt_viz_exe-6]     load_entry_point('vt-viz==0.0.0', 'console_scripts', 'vt_viz_exe')()
ERROR:navigator:[vt_viz_exe-6]   File "/navigator/install/vt_viz/lib/python3.8/site-packages/vt_viz/vt_viz_exe.py", line 102, in main
ERROR:navigator:[vt_viz_exe-6]     viz_subscriber = VizSubscriber()
ERROR:navigator:[vt_viz_exe-6]   File "/navigator/install/vt_viz/lib/python3.8/site-packages/vt_viz/vt_viz_exe.py", line 32, in __init__
ERROR:navigator:[vt_viz_exe-6]     self.trajectory_sub = self.create_subscription(Trajectory, '/planning/outgoing_trajectory', self.motion_paths_cb, 10)
ERROR:navigator:[vt_viz_exe-6]   File "/opt/ros/foxy/lib/python3.8/site-packages/rclpy/node.py", line 1205, in create_subscription
ERROR:navigator:[vt_viz_exe-6]     check_for_type_support(msg_type)
ERROR:navigator:[vt_viz_exe-6]   File "/opt/ros/foxy/lib/python3.8/site-packages/rclpy/type_support.py", line 29, in check_for_type_support
ERROR:navigator:[vt_viz_exe-6]     msg_type.__class__.__import_type_support__()
ERROR:navigator:[vt_viz_exe-6]   File "/navigator/install/voltron_msgs/lib/python3.8/site-packages/voltron_msgs/msg/_trajectory.py", line 27, in __import_type_support__
ERROR:navigator:[vt_viz_exe-6]     module = import_type_support('voltron_msgs')
ERROR:navigator:[vt_viz_exe-6]   File "/opt/ros/foxy/lib/python3.8/site-packages/rosidl_generator_py/import_type_support_impl.py", line 48, in import_type_support
ERROR:navigator:[vt_viz_exe-6]     raise UnsupportedTypeSupport(pkg_name)
ERROR:navigator:[vt_viz_exe-6] rosidl_generator_py.import_type_support_impl.UnsupportedTypeSupport: Could not import 'rosidl_typesupport_c' for package 'voltron_msgs'
ERROR:navigator:[unified_controller_node-1] Traceback (most recent call last):
ERROR:navigator:[unified_controller_node-1]   File "/opt/ros/foxy/lib/python3.8/site-packages/rosidl_generator_py/import_type_support_impl.py", line 46, in import_type_support
ERROR:navigator:[unified_controller_node-1]     return importlib.import_module(module_name, package=pkg_name)
ERROR:navigator:[unified_controller_node-1]   File "/usr/lib/python3.8/importlib/__init__.py", line 127, in import_module
ERROR:navigator:[unified_controller_node-1]     return _bootstrap._gcd_import(name[level:], package, level)
ERROR:navigator:[unified_controller_node-1]   File "<frozen importlib._bootstrap>", line 1014, in _gcd_import
ERROR:navigator:[unified_controller_node-1]   File "<frozen importlib._bootstrap>", line 991, in _find_and_load
ERROR:navigator:[unified_controller_node-1]   File "<frozen importlib._bootstrap>", line 975, in _find_and_load_unlocked
ERROR:navigator:[unified_controller_node-1]   File "<frozen importlib._bootstrap>", line 657, in _load_unlocked
ERROR:navigator:[unified_controller_node-1]   File "<frozen importlib._bootstrap>", line 556, in module_from_spec
ERROR:navigator:[unified_controller_node-1]   File "<frozen importlib._bootstrap_external>", line 1166, in create_module
ERROR:navigator:[unified_controller_node-1]   File "<frozen importlib._bootstrap>", line 219, in _call_with_frames_removed
ERROR:navigator:[unified_controller_node-1] ImportError: /navigator/install/voltron_msgs/lib/python3.8/site-packages/voltron_msgs/voltron_msgs_s__rosidl_typesupport_c.cpython-38-x86_64-linux-gnu.so: undefined symbol: voltron_msgs__msg__ogma_key_value_pair__convert_to_py
ERROR:navigator:[unified_controller_node-1]
INFO:navigator:[INFO] [19:14:26:177629] [unified_controller_node]: During handling of the above exception, another exception occurred:
ERROR:navigator:[unified_controller_node-1]
ERROR:navigator:[unified_controller_node-1] Traceback (most recent call last):
ERROR:navigator:[unified_controller_node-1]   File "/navigator/install/unified_controller/lib/unified_controller/unified_controller_node", line 11, in <module>
ERROR:navigator:[unified_controller_node-1]     load_entry_point('unified-controller==0.0.0', 'console_scripts', 'unified_controller_node')()
ERROR:navigator:[unified_controller_node-1]   File "/navigator/install/unified_controller/lib/python3.8/site-packages/unified_controller/unified_controller_node.py", line 277, in main
ERROR:navigator:[unified_controller_node-1]     unified_controller_node = UnifiedController()
ERROR:navigator:[unified_controller_node-1]   File "/navigator/install/unified_controller/lib/python3.8/site-packages/unified_controller/unified_controller_node.py", line 216, in __init__
ERROR:navigator:[unified_controller_node-1]     self.path_sub = self.create_subscription(
ERROR:navigator:[unified_controller_node-1]   File "/opt/ros/foxy/lib/python3.8/site-packages/rclpy/node.py", line 1205, in create_subscription
ERROR:navigator:[unified_controller_node-1]     check_for_type_support(msg_type)
ERROR:navigator:[unified_controller_node-1]   File "/opt/ros/foxy/lib/python3.8/site-packages/rclpy/type_support.py", line 29, in check_for_type_support
ERROR:navigator:[unified_controller_node-1]     msg_type.__class__.__import_type_support__()
ERROR:navigator:[unified_controller_node-1]   File "/navigator/install/voltron_msgs/lib/python3.8/site-packages/voltron_msgs/msg/_trajectory.py", line 27, in __import_type_support__
ERROR:navigator:[unified_controller_node-1]     module = import_type_support('voltron_msgs')
ERROR:navigator:[unified_controller_node-1]   File "/opt/ros/foxy/lib/python3.8/site-packages/rosidl_generator_py/import_type_support_impl.py", line 48, in import_type_support
ERROR:navigator:[unified_controller_node-1]     raise UnsupportedTypeSupport(pkg_name)
ERROR:navigator:[unified_controller_node-1] rosidl_generator_py.import_type_support_impl.UnsupportedTypeSupport: Could not import 'rosidl_typesupport_c' for package 'voltron_msgs'
ERROR:navigator:[FATAL] [19:14:26:393771] [vt_viz_node]: process has died [pid 15185, exit code 1, cmd '/navigator/install/vt_viz/lib/vt_viz/vt_viz_exe --ros-args -r __node
ERROR:navigator:[FATAL] [19:14:26:397446] [unified_controller_node]: process has died [pid 15175, exit code 1, cmd '/navigator/install/unified_controller/lib/unified_controller/unified_controller_node --ros-args'].
WARNING:navigator:[WARN] [19:14:26:589590] [path_publisher_node]: Odometry not yet received, skipping...
INFO:navigator:[INFO] [19:14:26:591410] [odr_visualizer_node]: Could not transform map->base_link
WARNING:navigator:[WARN] [19:14:27:089844] [path_publisher_node]: Odometry not yet received, skipping...
WARNING:navigator:[WARN] [19:14:27:590519] [path_publisher_node]: Odometry not yet received, skipping...
INFO:navigator:[INFO] [19:14:27:592226] [odr_visualizer_node]: Could not transform map->base_link
WARNING:navigator:[WARN] [19:14:28:089897] [path_publisher_node]: Odometry not yet received, skipping...
INFO:navigator:[INFO] [19:15:35:380113] [launch]: All log files can be found below /root/.ros/log/2022-11-10-19-15-35-374525-justingpu-17199
INFO:navigator:[INFO] [19:15:35:382191] [launch]: Default logging verbosity is set to INFO
INFO:navigator:[INFO] [19:15:35:418799] [unified_controller_node]: process started with pid [17214]
INFO:navigator:[INFO] [19:15:35:419244] [localization_map_odom]: process started with pid [17216]
INFO:navigator:[INFO] [19:15:35:419527] [odr_visualizer_node]: process started with pid [17218]
INFO:navigator:[INFO] [19:15:35:419985] [static_transform_publisher]: process started with pid [17220]
INFO:navigator:[INFO] [19:15:35:420224] [robot_state_publisher]: process started with pid [17222]
INFO:navigator:[INFO] [19:15:35:420498] [vt_viz_node]: process started with pid [17224]
INFO:navigator:[INFO] [19:15:35:420787] [zone_fusion]: process started with pid [17226]
INFO:navigator:[INFO] [19:15:35:421037] [obstacle_zoner]: process started with pid [17228]
INFO:navigator:[INFO] [19:15:35:421538] [path_publisher_node]: process started with pid [17232]
INFO:navigator:[INFO] [19:15:35:421765] [motion_planner_node]: process started with pid [17234]
INFO:navigator:[INFO] [19:15:35:421282] [behavior_planner]: process started with pid [17230]
INFO:navigator:[INFO] [19:15:35:424783] [zone_fusion]: using network interface enp70s0 (udp/10.169.42.42) selected arbitrarily from
INFO:navigator:[INFO] [19:15:35:425146] [static_transform_publisher]: using network interface enp70s0 (udp/10.169.42.42) selected arbitrarily from
INFO:navigator:[INFO] [19:15:35:425593] [behavior_planner]: using network interface enp70s0 (udp/10.169.42.42) selected arbitrarily from
INFO:navigator:[INFO] [19:15:35:426061] [obstacle_zoner]: using network interface enp70s0 (udp/10.169.42.42) selected arbitrarily from
INFO:navigator:[INFO] [19:15:35:426404] [odr_visualizer_node]: using network interface enp70s0 (udp/10.169.42.42) selected arbitrarily from
INFO:navigator:[INFO] [19:15:35:426938] [localization_map_odom]: using network interface enp70s0 (udp/10.169.42.42) selected arbitrarily from
INFO:navigator:[INFO] [19:15:35:427282] [path_publisher_node]: using network interface enp70s0 (udp/10.169.42.42) selected arbitrarily from
INFO:navigator:[INFO] [19:15:35:427588] [robot_state_publisher]: using network interface enp70s0 (udp/10.169.42.42) selected arbitrarily from
INFO:navigator:[INFO] [19:15:35:427933] [motion_planner_node]: using network interface enp70s0 (udp/10.169.42.42) selected arbitrarily from
INFO:navigator:[INFO] [19:15:35:432228] [behavior_planner]: Reading from
INFO:navigator:[INFO] [19:15:35:432492] [obstacle_zoner]: Start obstacle zoner
WARNING:navigator:[WARN] [19:15:35:432827] [robot_state_publisher]: No robot_description parameter, but command-line argument available.  Assuming argument is name of URDF file.  This backwards compatibility fallback will be removed in the future.
INFO:navigator:[INFO] [19:15:35:433200] [static_transform_publisher]: Spinning until killed publishing transform from 'odom' to 'base_link'
INFO:navigator:[INFO] [19:15:35:433481] [zone_fusion]: Start zone fuser
INFO:navigator:[INFO] [19:15:35:434157] [robot_state_publisher]: Parsing robot urdf xml string.
INFO:navigator:[INFO] [19:15:35:434519] [robot_state_publisher]: The root link base_link has an inertia specified in the URDF, but KDL does not support a root link with an inertia.  As a workaround, you can add an extra dummy link to your URDF.
INFO:navigator:[INFO] [19:15:35:434780] [robot_state_publisher]: Link arduino_imu had 0 children
INFO:navigator:[INFO] [19:15:35:435020] [robot_state_publisher]: Link gnss had 0 children
INFO:navigator:[INFO] [19:15:35:435249] [robot_state_publisher]: Link imu had 0 children
INFO:navigator:[INFO] [19:15:35:435483] [robot_state_publisher]: Link lidar_front had 0 children
INFO:navigator:[INFO] [19:15:35:435717] [robot_state_publisher]: Link lidar_rear had 0 children
INFO:navigator:[INFO] [19:15:35:435947] [robot_state_publisher]: Link zed2_camera_center had 0 children
INFO:navigator:[INFO] [19:15:35:436179] [robot_state_publisher]: Link zed2_left_camera_optical_frame had 0 children
INFO:navigator:[INFO] [19:15:35:436509] [robot_state_publisher]: got segment arduino_imu
INFO:navigator:[INFO] [19:15:35:436743] [robot_state_publisher]: got segment base_link
INFO:navigator:[INFO] [19:15:35:437009] [robot_state_publisher]: got segment gnss
INFO:navigator:[INFO] [19:15:35:437217] [robot_state_publisher]: got segment imu
INFO:navigator:[INFO] [19:15:35:437550] [robot_state_publisher]: got segment lidar_front
INFO:navigator:[INFO] [19:15:35:437829] [robot_state_publisher]: got segment lidar_rear
INFO:navigator:[INFO] [19:15:35:438163] [robot_state_publisher]: got segment zed2_camera_center
INFO:navigator:[INFO] [19:15:35:438468] [robot_state_publisher]: got segment zed2_left_camera_optical_frame
INFO:navigator:[INFO] [19:15:35:439252] [path_publisher_node]: Reading from
INFO:navigator:[INFO] [19:15:35:439573] [odr_visualizer_node]: Reading from
INFO:navigator:[INFO] [19:15:35:467878] [path_publisher_node]: generated path
INFO:navigator:[INFO] [19:15:35:481999] [odr_visualizer_node]: 992 lanes, 277 roads, 16704 POINTS
INFO:navigator:[INFO] [19:15:35:731320] [vt_viz_node]: using network interface enp70s0 (udp/10.169.42.42) selected arbitrarily from
INFO:navigator:[INFO] [19:15:35:754395] [unified_controller_node]: using network interface enp70s0 (udp/10.169.42.42) selected arbitrarily from
ERROR:navigator:[vt_viz_exe-6] Traceback (most recent call last):
ERROR:navigator:[vt_viz_exe-6]   File "/opt/ros/foxy/lib/python3.8/site-packages/rosidl_generator_py/import_type_support_impl.py", line 46, in import_type_support
ERROR:navigator:[vt_viz_exe-6]     return importlib.import_module(module_name, package=pkg_name)
ERROR:navigator:[vt_viz_exe-6]   File "/usr/lib/python3.8/importlib/__init__.py", line 127, in import_module
ERROR:navigator:[vt_viz_exe-6]     return _bootstrap._gcd_import(name[level:], package, level)
ERROR:navigator:[vt_viz_exe-6]   File "<frozen importlib._bootstrap>", line 1014, in _gcd_import
ERROR:navigator:[vt_viz_exe-6]   File "<frozen importlib._bootstrap>", line 991, in _find_and_load
ERROR:navigator:[vt_viz_exe-6]   File "<frozen importlib._bootstrap>", line 975, in _find_and_load_unlocked
ERROR:navigator:[vt_viz_exe-6]   File "<frozen importlib._bootstrap>", line 657, in _load_unlocked
ERROR:navigator:[vt_viz_exe-6]   File "<frozen importlib._bootstrap>", line 556, in module_from_spec
ERROR:navigator:[vt_viz_exe-6]   File "<frozen importlib._bootstrap_external>", line 1166, in create_module
ERROR:navigator:[vt_viz_exe-6]   File "<frozen importlib._bootstrap>", line 219, in _call_with_frames_removed
ERROR:navigator:[vt_viz_exe-6] ImportError: /navigator/install/voltron_msgs/lib/python3.8/site-packages/voltron_msgs/voltron_msgs_s__rosidl_typesupport_c.cpython-38-x86_64-linux-gnu.so: undefined symbol: voltron_msgs__msg__ogma_key_value_pair__convert_to_py
ERROR:navigator:[vt_viz_exe-6]
INFO:navigator:[INFO] [19:15:35:856196] [vt_viz_node]: During handling of the above exception, another exception occurred:
ERROR:navigator:[vt_viz_exe-6]
ERROR:navigator:[vt_viz_exe-6] Traceback (most recent call last):
ERROR:navigator:[vt_viz_exe-6]   File "/navigator/install/vt_viz/lib/vt_viz/vt_viz_exe", line 11, in <module>
ERROR:navigator:[vt_viz_exe-6]     load_entry_point('vt-viz==0.0.0', 'console_scripts', 'vt_viz_exe')()
ERROR:navigator:[vt_viz_exe-6]   File "/navigator/install/vt_viz/lib/python3.8/site-packages/vt_viz/vt_viz_exe.py", line 102, in main
ERROR:navigator:[vt_viz_exe-6]     viz_subscriber = VizSubscriber()
ERROR:navigator:[vt_viz_exe-6]   File "/navigator/install/vt_viz/lib/python3.8/site-packages/vt_viz/vt_viz_exe.py", line 32, in __init__
ERROR:navigator:[vt_viz_exe-6]     self.trajectory_sub = self.create_subscription(Trajectory, '/planning/outgoing_trajectory', self.motion_paths_cb, 10)
ERROR:navigator:[vt_viz_exe-6]   File "/opt/ros/foxy/lib/python3.8/site-packages/rclpy/node.py", line 1205, in create_subscription
ERROR:navigator:[vt_viz_exe-6]     check_for_type_support(msg_type)
ERROR:navigator:[vt_viz_exe-6]   File "/opt/ros/foxy/lib/python3.8/site-packages/rclpy/type_support.py", line 29, in check_for_type_support
ERROR:navigator:[vt_viz_exe-6]     msg_type.__class__.__import_type_support__()
ERROR:navigator:[vt_viz_exe-6]   File "/navigator/install/voltron_msgs/lib/python3.8/site-packages/voltron_msgs/msg/_trajectory.py", line 27, in __import_type_support__
ERROR:navigator:[vt_viz_exe-6]     module = import_type_support('voltron_msgs')
ERROR:navigator:[vt_viz_exe-6]   File "/opt/ros/foxy/lib/python3.8/site-packages/rosidl_generator_py/import_type_support_impl.py", line 48, in import_type_support
ERROR:navigator:[vt_viz_exe-6]     raise UnsupportedTypeSupport(pkg_name)
ERROR:navigator:[vt_viz_exe-6] rosidl_generator_py.import_type_support_impl.UnsupportedTypeSupport: Could not import 'rosidl_typesupport_c' for package 'voltron_msgs'
ERROR:navigator:[unified_controller_node-1] Traceback (most recent call last):
ERROR:navigator:[unified_controller_node-1]   File "/opt/ros/foxy/lib/python3.8/site-packages/rosidl_generator_py/import_type_support_impl.py", line 46, in import_type_support
ERROR:navigator:[unified_controller_node-1]     return importlib.import_module(module_name, package=pkg_name)
ERROR:navigator:[unified_controller_node-1]   File "/usr/lib/python3.8/importlib/__init__.py", line 127, in import_module
ERROR:navigator:[unified_controller_node-1]     return _bootstrap._gcd_import(name[level:], package, level)
ERROR:navigator:[unified_controller_node-1]   File "<frozen importlib._bootstrap>", line 1014, in _gcd_import
ERROR:navigator:[unified_controller_node-1]   File "<frozen importlib._bootstrap>", line 991, in _find_and_load
ERROR:navigator:[unified_controller_node-1]   File "<frozen importlib._bootstrap>", line 975, in _find_and_load_unlocked
ERROR:navigator:[unified_controller_node-1]   File "<frozen importlib._bootstrap>", line 657, in _load_unlocked
ERROR:navigator:[unified_controller_node-1]   File "<frozen importlib._bootstrap>", line 556, in module_from_spec
ERROR:navigator:[unified_controller_node-1]   File "<frozen importlib._bootstrap_external>", line 1166, in create_module
ERROR:navigator:[unified_controller_node-1]   File "<frozen importlib._bootstrap>", line 219, in _call_with_frames_removed
ERROR:navigator:[unified_controller_node-1] ImportError: /navigator/install/voltron_msgs/lib/python3.8/site-packages/voltron_msgs/voltron_msgs_s__rosidl_typesupport_c.cpython-38-x86_64-linux-gnu.so: undefined symbol: voltron_msgs__msg__ogma_key_value_pair__convert_to_py
ERROR:navigator:[unified_controller_node-1]
INFO:navigator:[INFO] [19:15:35:880482] [unified_controller_node]: During handling of the above exception, another exception occurred:
ERROR:navigator:[unified_controller_node-1]
ERROR:navigator:[unified_controller_node-1] Traceback (most recent call last):
ERROR:navigator:[unified_controller_node-1]   File "/navigator/install/unified_controller/lib/unified_controller/unified_controller_node", line 11, in <module>
ERROR:navigator:[unified_controller_node-1]     load_entry_point('unified-controller==0.0.0', 'console_scripts', 'unified_controller_node')()
ERROR:navigator:[unified_controller_node-1]   File "/navigator/install/unified_controller/lib/python3.8/site-packages/unified_controller/unified_controller_node.py", line 277, in main
ERROR:navigator:[unified_controller_node-1]     unified_controller_node = UnifiedController()
ERROR:navigator:[unified_controller_node-1]   File "/navigator/install/unified_controller/lib/python3.8/site-packages/unified_controller/unified_controller_node.py", line 216, in __init__
ERROR:navigator:[unified_controller_node-1]     self.path_sub = self.create_subscription(
ERROR:navigator:[unified_controller_node-1]   File "/opt/ros/foxy/lib/python3.8/site-packages/rclpy/node.py", line 1205, in create_subscription
ERROR:navigator:[unified_controller_node-1]     check_for_type_support(msg_type)
ERROR:navigator:[unified_controller_node-1]   File "/opt/ros/foxy/lib/python3.8/site-packages/rclpy/type_support.py", line 29, in check_for_type_support
ERROR:navigator:[unified_controller_node-1]     msg_type.__class__.__import_type_support__()
ERROR:navigator:[unified_controller_node-1]   File "/navigator/install/voltron_msgs/lib/python3.8/site-packages/voltron_msgs/msg/_trajectory.py", line 27, in __import_type_support__
ERROR:navigator:[unified_controller_node-1]     module = import_type_support('voltron_msgs')
ERROR:navigator:[unified_controller_node-1]   File "/opt/ros/foxy/lib/python3.8/site-packages/rosidl_generator_py/import_type_support_impl.py", line 48, in import_type_support
ERROR:navigator:[unified_controller_node-1]     raise UnsupportedTypeSupport(pkg_name)
ERROR:navigator:[unified_controller_node-1] rosidl_generator_py.import_type_support_impl.UnsupportedTypeSupport: Could not import 'rosidl_typesupport_c' for package 'voltron_msgs'
WARNING:navigator:[WARN] [19:15:35:943467] [path_publisher_node]: Odometry not yet received, skipping...
ERROR:navigator:[FATAL] [19:15:36:017170] [vt_viz_node]: process has died [pid 17224, exit code 1, cmd '/navigator/install/vt_viz/lib/vt_viz/vt_viz_exe --ros-args -r __node
ERROR:navigator:[FATAL] [19:15:36:135975] [unified_controller_node]: process has died [pid 17214, exit code 1, cmd '/navigator/install/unified_controller/lib/unified_controller/unified_controller_node --ros-args'].
WARNING:navigator:[WARN] [19:15:36:439873] [path_publisher_node]: Odometry not yet received, skipping...
INFO:navigator:[INFO] [19:15:36:440747] [odr_visualizer_node]: Could not transform map->base_link
WARNING:navigator:[WARN] [19:15:36:939433] [path_publisher_node]: Odometry not yet received, skipping...
WARNING:navigator:[WARN] [19:15:37:440440] [path_publisher_node]: Odometry not yet received, skipping...
INFO:navigator:[INFO] [19:15:37:441146] [odr_visualizer_node]: Could not transform map->base_link
INFO:navigator:[INFO] [19:17:12:997357] [launch]: All log files can be found below /root/.ros/log/2022-11-10-19-17-12-992096-justingpu-25672
INFO:navigator:[INFO] [19:17:12:998705] [launch]: Default logging verbosity is set to INFO
INFO:navigator:[INFO] [19:17:13:069707] [unified_controller_node]: process started with pid [25687]
INFO:navigator:[INFO] [19:17:13:070258] [localization_map_odom]: process started with pid [25689]
INFO:navigator:[INFO] [19:17:13:070573] [odr_visualizer_node]: process started with pid [25691]
INFO:navigator:[INFO] [19:17:13:071007] [static_transform_publisher]: process started with pid [25693]
INFO:navigator:[INFO] [19:17:13:071404] [robot_state_publisher]: process started with pid [25695]
INFO:navigator:[INFO] [19:17:13:071760] [vt_viz_node]: process started with pid [25697]
INFO:navigator:[INFO] [19:17:13:072053] [zone_fusion]: process started with pid [25699]
INFO:navigator:[INFO] [19:17:13:072344] [obstacle_zoner]: process started with pid [25701]
INFO:navigator:[INFO] [19:17:13:072609] [behavior_planner]: process started with pid [25703]
INFO:navigator:[INFO] [19:17:13:072909] [path_publisher_node]: process started with pid [25705]
INFO:navigator:[INFO] [19:17:13:073244] [motion_planner_node]: process started with pid [25707]
INFO:navigator:[INFO] [19:17:13:073629] [odr_visualizer_node]: using network interface enp70s0 (udp/10.169.42.42) selected arbitrarily from
INFO:navigator:[INFO] [19:17:13:073885] [static_transform_publisher]: using network interface enp70s0 (udp/10.169.42.42) selected arbitrarily from
INFO:navigator:[INFO] [19:17:13:074153] [zone_fusion]: using network interface enp70s0 (udp/10.169.42.42) selected arbitrarily from
INFO:navigator:[INFO] [19:17:13:074558] [behavior_planner]: using network interface enp70s0 (udp/10.169.42.42) selected arbitrarily from
INFO:navigator:[INFO] [19:17:13:074822] [obstacle_zoner]: using network interface enp70s0 (udp/10.169.42.42) selected arbitrarily from
INFO:navigator:[INFO] [19:17:13:075233] [localization_map_odom]: using network interface enp70s0 (udp/10.169.42.42) selected arbitrarily from
INFO:navigator:[INFO] [19:17:13:075634] [path_publisher_node]: using network interface enp70s0 (udp/10.169.42.42) selected arbitrarily from
INFO:navigator:[INFO] [19:17:13:075887] [motion_planner_node]: using network interface enp70s0 (udp/10.169.42.42) selected arbitrarily from
INFO:navigator:[INFO] [19:17:13:076194] [robot_state_publisher]: using network interface enp70s0 (udp/10.169.42.42) selected arbitrarily from
INFO:navigator:[INFO] [19:17:13:077919] [static_transform_publisher]: Spinning until killed publishing transform from 'odom' to 'base_link'
INFO:navigator:[INFO] [19:17:13:078218] [behavior_planner]: Reading from
INFO:navigator:[INFO] [19:17:13:079082] [obstacle_zoner]: Start obstacle zoner
INFO:navigator:[INFO] [19:17:13:079526] [zone_fusion]: Start zone fuser
WARNING:navigator:[WARN] [19:17:13:079724] [robot_state_publisher]: No robot_description parameter, but command-line argument available.  Assuming argument is name of URDF file.  This backwards compatibility fallback will be removed in the future.
INFO:navigator:[INFO] [19:17:13:080218] [robot_state_publisher]: Parsing robot urdf xml string.
INFO:navigator:[INFO] [19:17:13:080465] [odr_visualizer_node]: Reading from
INFO:navigator:[INFO] [19:17:13:080718] [robot_state_publisher]: The root link base_link has an inertia specified in the URDF, but KDL does not support a root link with an inertia.  As a workaround, you can add an extra dummy link to your URDF.
INFO:navigator:[INFO] [19:17:13:080974] [robot_state_publisher]: Link arduino_imu had 0 children
INFO:navigator:[INFO] [19:17:13:081269] [robot_state_publisher]: Link gnss had 0 children
INFO:navigator:[INFO] [19:17:13:081507] [robot_state_publisher]: Link imu had 0 children
INFO:navigator:[INFO] [19:17:13:081717] [robot_state_publisher]: Link lidar_front had 0 children
INFO:navigator:[INFO] [19:17:13:081866] [robot_state_publisher]: Link lidar_rear had 0 children
INFO:navigator:[INFO] [19:17:13:082045] [robot_state_publisher]: Link zed2_camera_center had 0 children
INFO:navigator:[INFO] [19:17:13:082238] [robot_state_publisher]: Link zed2_left_camera_optical_frame had 0 children
INFO:navigator:[INFO] [19:17:13:082519] [robot_state_publisher]: got segment arduino_imu
INFO:navigator:[INFO] [19:17:13:082805] [robot_state_publisher]: got segment base_link
INFO:navigator:[INFO] [19:17:13:083119] [robot_state_publisher]: got segment gnss
INFO:navigator:[INFO] [19:17:13:083356] [robot_state_publisher]: got segment imu
INFO:navigator:[INFO] [19:17:13:083538] [robot_state_publisher]: got segment lidar_front
INFO:navigator:[INFO] [19:17:13:083707] [robot_state_publisher]: got segment lidar_rear
INFO:navigator:[INFO] [19:17:13:083996] [robot_state_publisher]: got segment zed2_camera_center
INFO:navigator:[INFO] [19:17:13:084204] [robot_state_publisher]: got segment zed2_left_camera_optical_frame
INFO:navigator:[INFO] [19:17:13:084406] [path_publisher_node]: Reading from
INFO:navigator:[INFO] [19:17:13:103109] [path_publisher_node]: generated path
INFO:navigator:[INFO] [19:17:13:117151] [odr_visualizer_node]: 992 lanes, 277 roads, 16704 POINTS
INFO:navigator:[INFO] [19:17:13:423167] [vt_viz_node]: using network interface enp70s0 (udp/10.169.42.42) selected arbitrarily from
INFO:navigator:[INFO] [19:17:13:444419] [unified_controller_node]: using network interface enp70s0 (udp/10.169.42.42) selected arbitrarily from
WARNING:navigator:[WARN] [19:17:13:583266] [path_publisher_node]: Odometry not yet received, skipping...
INFO:navigator:[INFO] [19:17:14:080961] [odr_visualizer_node]: Could not transform map->base_link
WARNING:navigator:[WARN] [19:17:14:081505] [path_publisher_node]: Odometry not yet received, skipping...
WARNING:navigator:[WARN] [19:17:14:581401] [path_publisher_node]: Odometry not yet received, skipping...
INFO:navigator:[INFO] [19:17:15:080660] [odr_visualizer_node]: Could not transform map->base_link
WARNING:navigator:[WARN] [19:17:15:081173] [path_publisher_node]: Odometry not yet received, skipping...
WARNING:navigator:[WARN] [19:17:15:581351] [path_publisher_node]: Odometry not yet received, skipping...
INFO:navigator:[INFO] [19:17:16:080694] [odr_visualizer_node]: Could not transform map->base_link
WARNING:navigator:[WARN] [19:17:16:081268] [path_publisher_node]: Odometry not yet received, skipping...
WARNING:navigator:[WARN] [19:17:16:581464] [path_publisher_node]: Odometry not yet received, skipping...
INFO:navigator:[INFO] [19:17:17:080746] [odr_visualizer_node]: Could not transform map->base_link
WARNING:navigator:[WARN] [19:17:17:081142] [path_publisher_node]: Odometry not yet received, skipping...
WARNING:navigator:[WARN] [19:17:17:581443] [path_publisher_node]: Odometry not yet received, skipping...
INFO:navigator:[INFO] [19:17:18:080686] [odr_visualizer_node]: Publishing 4 map markers with 62292 lanes. This will print once.
INFO:navigator:[INFO] [19:17:18:081133] [odr_visualizer_node]: Could not transform map->base_link
WARNING:navigator:[WARN] [19:17:18:081580] [path_publisher_node]: Odometry not yet received, skipping...
WARNING:navigator:[WARN] [19:17:18:581336] [path_publisher_node]: Odometry not yet received, skipping...
INFO:navigator:[INFO] [19:17:19:081236] [odr_visualizer_node]: Could not transform map->base_link
WARNING:navigator:[WARN] [19:17:19:081749] [path_publisher_node]: Odometry not yet received, skipping...
WARNING:navigator:[WARN] [19:17:19:581397] [path_publisher_node]: Odometry not yet received, skipping...
INFO:navigator:[INFO] [19:17:20:080842] [odr_visualizer_node]: Could not transform map->base_link
WARNING:navigator:[WARN] [19:17:20:081352] [path_publisher_node]: Odometry not yet received, skipping...
WARNING:navigator:[WARN] [19:17:20:581522] [path_publisher_node]: Odometry not yet received, skipping...
INFO:navigator:[INFO] [19:17:21:080903] [odr_visualizer_node]: Could not transform map->base_link
WARNING:navigator:[WARN] [19:17:21:081393] [path_publisher_node]: Odometry not yet received, skipping...
WARNING:navigator:[WARN] [19:17:21:581610] [path_publisher_node]: Odometry not yet received, skipping...
INFO:navigator:[INFO] [19:17:22:080913] [odr_visualizer_node]: Could not transform map->base_link
WARNING:navigator:[WARN] [19:17:22:081580] [path_publisher_node]: Odometry not yet received, skipping...
INFO:navigator:[INFO] [19:17:47:427299] [launch]: All log files can be found below /root/.ros/log/2022-11-10-19-17-47-422772-justingpu-26754
INFO:navigator:[INFO] [19:17:47:428707] [launch]: Default logging verbosity is set to INFO
INFO:navigator:[INFO] [19:17:47:466965] [unified_controller_node]: process started with pid [26769]
INFO:navigator:[INFO] [19:17:47:467330] [localization_map_odom]: process started with pid [26771]
INFO:navigator:[INFO] [19:17:47:467872] [odr_visualizer_node]: process started with pid [26773]
INFO:navigator:[INFO] [19:17:47:468132] [static_transform_publisher]: process started with pid [26775]
INFO:navigator:[INFO] [19:17:47:468351] [robot_state_publisher]: process started with pid [26777]
INFO:navigator:[INFO] [19:17:47:468569] [vt_viz_node]: process started with pid [26779]
INFO:navigator:[INFO] [19:17:47:468872] [zone_fusion]: process started with pid [26781]
INFO:navigator:[INFO] [19:17:47:469165] [obstacle_zoner]: process started with pid [26783]
INFO:navigator:[INFO] [19:17:47:469540] [behavior_planner]: process started with pid [26785]
INFO:navigator:[INFO] [19:17:47:469889] [path_publisher_node]: process started with pid [26787]
INFO:navigator:[INFO] [19:17:47:470206] [motion_planner_node]: process started with pid [26789]
INFO:navigator:[INFO] [19:17:47:470517] [odr_visualizer_node]: using network interface enp70s0 (udp/10.169.42.42) selected arbitrarily from
INFO:navigator:[INFO] [19:17:47:471030] [zone_fusion]: using network interface enp70s0 (udp/10.169.42.42) selected arbitrarily from
INFO:navigator:[INFO] [19:17:47:471333] [obstacle_zoner]: using network interface enp70s0 (udp/10.169.42.42) selected arbitrarily from
INFO:navigator:[INFO] [19:17:47:471720] [static_transform_publisher]: using network interface enp70s0 (udp/10.169.42.42) selected arbitrarily from
INFO:navigator:[INFO] [19:17:47:472024] [localization_map_odom]: using network interface enp70s0 (udp/10.169.42.42) selected arbitrarily from
INFO:navigator:[INFO] [19:17:47:472296] [robot_state_publisher]: using network interface enp70s0 (udp/10.169.42.42) selected arbitrarily from
INFO:navigator:[INFO] [19:17:47:473013] [behavior_planner]: using network interface enp70s0 (udp/10.169.42.42) selected arbitrarily from
INFO:navigator:[INFO] [19:17:47:474815] [path_publisher_node]: using network interface enp70s0 (udp/10.169.42.42) selected arbitrarily from
INFO:navigator:[INFO] [19:17:47:475172] [motion_planner_node]: using network interface enp70s0 (udp/10.169.42.42) selected arbitrarily from
INFO:navigator:[INFO] [19:17:47:475575] [obstacle_zoner]: Start obstacle zoner
INFO:navigator:[INFO] [19:17:47:476062] [static_transform_publisher]: Spinning until killed publishing transform from 'odom' to 'base_link'
INFO:navigator:[INFO] [19:17:47:476499] [odr_visualizer_node]: Reading from
WARNING:navigator:[WARN] [19:17:47:476989] [robot_state_publisher]: No robot_description parameter, but command-line argument available.  Assuming argument is name of URDF file.  This backwards compatibility fallback will be removed in the future.
INFO:navigator:[INFO] [19:17:47:477290] [zone_fusion]: Start zone fuser
INFO:navigator:[INFO] [19:17:47:477551] [behavior_planner]: Reading from
INFO:navigator:[INFO] [19:17:47:478269] [robot_state_publisher]: Parsing robot urdf xml string.
INFO:navigator:[INFO] [19:17:47:478666] [robot_state_publisher]: The root link base_link has an inertia specified in the URDF, but KDL does not support a root link with an inertia.  As a workaround, you can add an extra dummy link to your URDF.
INFO:navigator:[INFO] [19:17:47:479007] [robot_state_publisher]: Link arduino_imu had 0 children
INFO:navigator:[INFO] [19:17:47:479307] [robot_state_publisher]: Link gnss had 0 children
INFO:navigator:[INFO] [19:17:47:479618] [robot_state_publisher]: Link imu had 0 children
INFO:navigator:[INFO] [19:17:47:479890] [robot_state_publisher]: Link lidar_front had 0 children
INFO:navigator:[INFO] [19:17:47:480161] [robot_state_publisher]: Link lidar_rear had 0 children
INFO:navigator:[INFO] [19:17:47:480440] [robot_state_publisher]: Link zed2_camera_center had 0 children
INFO:navigator:[INFO] [19:17:47:480707] [robot_state_publisher]: Link zed2_left_camera_optical_frame had 0 children
INFO:navigator:[INFO] [19:17:47:481003] [robot_state_publisher]: got segment arduino_imu
INFO:navigator:[INFO] [19:17:47:481277] [robot_state_publisher]: got segment base_link
INFO:navigator:[INFO] [19:17:47:481616] [robot_state_publisher]: got segment gnss
INFO:navigator:[INFO] [19:17:47:481873] [robot_state_publisher]: got segment imu
INFO:navigator:[INFO] [19:17:47:482125] [robot_state_publisher]: got segment lidar_front
INFO:navigator:[INFO] [19:17:47:482394] [robot_state_publisher]: got segment lidar_rear
INFO:navigator:[INFO] [19:17:47:482635] [robot_state_publisher]: got segment zed2_camera_center
INFO:navigator:[INFO] [19:17:47:482885] [robot_state_publisher]: got segment zed2_left_camera_optical_frame
INFO:navigator:[INFO] [19:17:47:483138] [path_publisher_node]: Reading from
INFO:navigator:[INFO] [19:17:47:502936] [path_publisher_node]: generated path
INFO:navigator:[INFO] [19:17:47:512315] [odr_visualizer_node]: 992 lanes, 277 roads, 16704 POINTS
INFO:navigator:[INFO] [19:17:47:787234] [vt_viz_node]: using network interface enp70s0 (udp/10.169.42.42) selected arbitrarily from
INFO:navigator:[INFO] [19:17:47:804373] [unified_controller_node]: using network interface enp70s0 (udp/10.169.42.42) selected arbitrarily from
WARNING:navigator:[WARN] [19:17:47:981115] [path_publisher_node]: Odometry not yet received, skipping...
INFO:navigator:[INFO] [19:17:48:476691] [odr_visualizer_node]: Could not transform map->base_link
WARNING:navigator:[WARN] [19:17:48:481067] [path_publisher_node]: Odometry not yet received, skipping...
WARNING:navigator:[WARN] [19:17:48:981240] [path_publisher_node]: Odometry not yet received, skipping...
INFO:navigator:[INFO] [19:17:49:476824] [odr_visualizer_node]: Could not transform map->base_link
WARNING:navigator:[WARN] [19:17:49:481111] [path_publisher_node]: Odometry not yet received, skipping...
WARNING:navigator:[WARN] [19:17:49:981164] [path_publisher_node]: Odometry not yet received, skipping...
INFO:navigator:[INFO] [19:17:50:476919] [odr_visualizer_node]: Could not transform map->base_link
WARNING:navigator:[WARN] [19:17:50:481098] [path_publisher_node]: Odometry not yet received, skipping...
WARNING:navigator:[WARN] [19:17:50:981181] [path_publisher_node]: Odometry not yet received, skipping...
INFO:navigator:[INFO] [19:17:51:476691] [odr_visualizer_node]: Could not transform map->base_link
WARNING:navigator:[WARN] [19:17:51:480993] [path_publisher_node]: Odometry not yet received, skipping...
WARNING:navigator:[WARN] [19:17:51:981223] [path_publisher_node]: Odometry not yet received, skipping...
INFO:navigator:[INFO] [19:17:52:476694] [odr_visualizer_node]: Publishing 4 map markers with 62292 lanes. This will print once.
INFO:navigator:[INFO] [19:17:52:477191] [odr_visualizer_node]: Could not transform map->base_link
WARNING:navigator:[WARN] [19:17:52:481005] [path_publisher_node]: Odometry not yet received, skipping...
WARNING:navigator:[WARN] [19:17:52:981071] [path_publisher_node]: Odometry not yet received, skipping...
INFO:navigator:[INFO] [19:17:53:477088] [odr_visualizer_node]: Could not transform map->base_link
WARNING:navigator:[WARN] [19:17:53:481037] [path_publisher_node]: Odometry not yet received, skipping...
WARNING:navigator:[WARN] [19:17:53:981271] [path_publisher_node]: Odometry not yet received, skipping...
INFO:navigator:[INFO] [19:17:54:477095] [odr_visualizer_node]: Could not transform map->base_link
WARNING:navigator:[WARN] [19:17:54:480987] [path_publisher_node]: Odometry not yet received, skipping...
WARNING:navigator:[WARN] [19:17:54:981440] [path_publisher_node]: Odometry not yet received, skipping...
INFO:navigator:[INFO] [19:17:55:477108] [odr_visualizer_node]: Could not transform map->base_link
WARNING:navigator:[WARN] [19:17:55:481101] [path_publisher_node]: Odometry not yet received, skipping...
WARNING:navigator:[WARN] [19:17:55:981356] [path_publisher_node]: Odometry not yet received, skipping...
INFO:navigator:[INFO] [19:17:56:477021] [odr_visualizer_node]: Could not transform map->base_link
WARNING:navigator:[WARN] [19:17:56:481159] [path_publisher_node]: Odometry not yet received, skipping...
WARNING:navigator:[WARN] [19:17:56:981431] [path_publisher_node]: Odometry not yet received, skipping...
INFO:navigator:[INFO] [19:17:57:477274] [odr_visualizer_node]: Could not transform map->base_link
WARNING:navigator:[WARN] [19:17:57:481172] [path_publisher_node]: Odometry not yet received, skipping...
WARNING:navigator:[WARN] [19:17:57:981475] [path_publisher_node]: Odometry not yet received, skipping...
INFO:navigator:[INFO] [19:17:58:477135] [odr_visualizer_node]: Could not transform map->base_link
WARNING:navigator:[WARN] [19:17:58:481136] [path_publisher_node]: Odometry not yet received, skipping...
WARNING:navigator:[WARN] [19:17:58:981419] [path_publisher_node]: Odometry not yet received, skipping...
INFO:navigator:[INFO] [19:17:59:477065] [odr_visualizer_node]: Could not transform map->base_link
WARNING:navigator:[WARN] [19:17:59:481072] [path_publisher_node]: Odometry not yet received, skipping...
WARNING:navigator:[WARN] [19:17:59:981563] [path_publisher_node]: Odometry not yet received, skipping...
INFO:navigator:[INFO] [19:18:00:477195] [odr_visualizer_node]: Could not transform map->base_link
WARNING:navigator:[WARN] [19:18:00:481270] [path_publisher_node]: Odometry not yet received, skipping...
WARNING:navigator:[WARN] [19:18:00:981484] [path_publisher_node]: Odometry not yet received, skipping...
INFO:navigator:[INFO] [19:18:01:477227] [odr_visualizer_node]: Could not transform map->base_link
WARNING:navigator:[WARN] [19:18:01:481350] [path_publisher_node]: Odometry not yet received, skipping...
WARNING:navigator:[WARN] [19:18:01:981557] [path_publisher_node]: Odometry not yet received, skipping...
INFO:navigator:[INFO] [19:18:02:477501] [odr_visualizer_node]: Could not transform map->base_link
WARNING:navigator:[WARN] [19:18:02:481318] [path_publisher_node]: Odometry not yet received, skipping...
WARNING:navigator:[WARN] [19:18:02:981482] [path_publisher_node]: Odometry not yet received, skipping...
INFO:navigator:[INFO] [19:18:03:477239] [odr_visualizer_node]: Could not transform map->base_link
WARNING:navigator:[WARN] [19:18:03:481338] [path_publisher_node]: Odometry not yet received, skipping...
WARNING:navigator:[WARN] [19:18:03:981560] [path_publisher_node]: Odometry not yet received, skipping...
INFO:navigator:[INFO] [19:18:04:477286] [odr_visualizer_node]: Could not transform map->base_link
WARNING:navigator:[WARN] [19:18:04:481243] [path_publisher_node]: Odometry not yet received, skipping...
WARNING:navigator:[WARN] [19:18:04:981663] [path_publisher_node]: Odometry not yet received, skipping...
INFO:navigator:[INFO] [19:18:05:477319] [odr_visualizer_node]: Could not transform map->base_link
WARNING:navigator:[WARN] [19:18:05:481286] [path_publisher_node]: Odometry not yet received, skipping...
WARNING:navigator:[WARN] [19:18:05:981599] [path_publisher_node]: Odometry not yet received, skipping...
INFO:navigator:[INFO] [19:18:06:477142] [odr_visualizer_node]: Could not transform map->base_link
WARNING:navigator:[WARN] [19:18:06:481551] [path_publisher_node]: Odometry not yet received, skipping...
WARNING:navigator:[WARN] [19:18:06:981678] [path_publisher_node]: Odometry not yet received, skipping...
INFO:navigator:[INFO] [19:18:07:477538] [odr_visualizer_node]: Could not transform map->base_link
WARNING:navigator:[WARN] [19:18:07:481519] [path_publisher_node]: Odometry not yet received, skipping...
WARNING:navigator:[WARN] [19:18:07:981622] [path_publisher_node]: Odometry not yet received, skipping...
INFO:navigator:[INFO] [19:18:08:477224] [odr_visualizer_node]: Could not transform map->base_link
WARNING:navigator:[WARN] [19:18:08:481357] [path_publisher_node]: Odometry not yet received, skipping...
WARNING:navigator:[WARN] [19:18:08:981749] [path_publisher_node]: Odometry not yet received, skipping...
INFO:navigator:[INFO] [19:18:09:477391] [odr_visualizer_node]: Could not transform map->base_link
WARNING:navigator:[WARN] [19:18:09:481423] [path_publisher_node]: Odometry not yet received, skipping...
WARNING:navigator:[WARN] [19:18:09:981665] [path_publisher_node]: Odometry not yet received, skipping...
INFO:navigator:[INFO] [19:18:10:477444] [odr_visualizer_node]: Could not transform map->base_link
WARNING:navigator:[WARN] [19:18:10:481412] [path_publisher_node]: Odometry not yet received, skipping...
WARNING:navigator:[WARN] [19:18:10:981767] [path_publisher_node]: Odometry not yet received, skipping...
INFO:navigator:[INFO] [19:18:11:477514] [odr_visualizer_node]: Could not transform map->base_link
WARNING:navigator:[WARN] [19:18:11:481410] [path_publisher_node]: Odometry not yet received, skipping...
WARNING:navigator:[WARN] [19:18:11:981749] [path_publisher_node]: Odometry not yet received, skipping...
INFO:navigator:[INFO] [19:18:12:477706] [odr_visualizer_node]: Could not transform map->base_link
WARNING:navigator:[WARN] [19:18:12:481609] [path_publisher_node]: Odometry not yet received, skipping...
WARNING:navigator:[WARN] [19:18:12:981735] [path_publisher_node]: Odometry not yet received, skipping...
INFO:navigator:[INFO] [19:18:13:477471] [odr_visualizer_node]: Could not transform map->base_link
WARNING:navigator:[WARN] [19:18:13:481488] [path_publisher_node]: Odometry not yet received, skipping...
WARNING:navigator:[WARN] [19:18:13:981906] [path_publisher_node]: Odometry not yet received, skipping...
INFO:navigator:[INFO] [19:18:14:477610] [odr_visualizer_node]: Could not transform map->base_link
WARNING:navigator:[WARN] [19:18:14:481567] [path_publisher_node]: Odometry not yet received, skipping...
WARNING:navigator:[WARN] [19:18:14:981953] [path_publisher_node]: Odometry not yet received, skipping...
INFO:navigator:[INFO] [19:18:15:477484] [odr_visualizer_node]: Could not transform map->base_link
WARNING:navigator:[WARN] [19:18:15:481588] [path_publisher_node]: Odometry not yet received, skipping...
WARNING:navigator:[WARN] [19:18:15:981958] [path_publisher_node]: Odometry not yet received, skipping...
INFO:navigator:[INFO] [19:18:16:477570] [odr_visualizer_node]: Could not transform map->base_link
WARNING:navigator:[WARN] [19:18:16:481606] [path_publisher_node]: Odometry not yet received, skipping...
WARNING:navigator:[WARN] [19:18:16:981952] [path_publisher_node]: Odometry not yet received, skipping...
INFO:navigator:[INFO] [19:18:17:477816] [odr_visualizer_node]: Could not transform map->base_link
WARNING:navigator:[WARN] [19:18:17:481652] [path_publisher_node]: Odometry not yet received, skipping...
WARNING:navigator:[WARN] [19:18:17:981976] [path_publisher_node]: Odometry not yet received, skipping...
INFO:navigator:[INFO] [19:18:18:477663] [odr_visualizer_node]: Could not transform map->base_link
WARNING:navigator:[WARN] [19:18:18:481618] [path_publisher_node]: Odometry not yet received, skipping...
WARNING:navigator:[WARN] [19:18:18:981960] [path_publisher_node]: Odometry not yet received, skipping...
INFO:navigator:[INFO] [19:18:19:477629] [odr_visualizer_node]: Could not transform map->base_link
WARNING:navigator:[WARN] [19:18:19:481797] [path_publisher_node]: Odometry not yet received, skipping...
WARNING:navigator:[WARN] [19:18:19:981929] [path_publisher_node]: Odometry not yet received, skipping...
INFO:navigator:[INFO] [19:18:20:477661] [odr_visualizer_node]: Could not transform map->base_link
WARNING:navigator:[WARN] [19:18:20:481788] [path_publisher_node]: Odometry not yet received, skipping...
WARNING:navigator:[WARN] [19:18:20:981957] [path_publisher_node]: Odometry not yet received, skipping...
INFO:navigator:[INFO] [19:18:21:477710] [odr_visualizer_node]: Could not transform map->base_link
WARNING:navigator:[WARN] [19:18:21:481732] [path_publisher_node]: Odometry not yet received, skipping...
WARNING:navigator:[WARN] [19:18:21:981980] [path_publisher_node]: Odometry not yet received, skipping...
INFO:navigator:[INFO] [19:18:22:477875] [odr_visualizer_node]: Could not transform map->base_link
WARNING:navigator:[WARN] [19:18:22:481711] [path_publisher_node]: Odometry not yet received, skipping...
WARNING:navigator:[WARN] [19:18:22:982094] [path_publisher_node]: Odometry not yet received, skipping...
INFO:navigator:[INFO] [19:18:23:477636] [odr_visualizer_node]: Could not transform map->base_link
WARNING:navigator:[WARN] [19:18:23:481721] [path_publisher_node]: Odometry not yet received, skipping...
WARNING:navigator:[WARN] [19:18:23:982088] [path_publisher_node]: Odometry not yet received, skipping...
INFO:navigator:[INFO] [19:18:24:477718] [odr_visualizer_node]: Could not transform map->base_link
WARNING:navigator:[WARN] [19:18:24:481977] [path_publisher_node]: Odometry not yet received, skipping...
WARNING:navigator:[WARN] [19:18:24:982160] [path_publisher_node]: Odometry not yet received, skipping...
INFO:navigator:[INFO] [19:18:25:477801] [odr_visualizer_node]: Could not transform map->base_link
WARNING:navigator:[WARN] [19:18:25:481990] [path_publisher_node]: Odometry not yet received, skipping...
WARNING:navigator:[WARN] [19:18:25:982133] [path_publisher_node]: Odometry not yet received, skipping...
INFO:navigator:[INFO] [19:18:26:477824] [odr_visualizer_node]: Could not transform map->base_link
WARNING:navigator:[WARN] [19:18:26:482041] [path_publisher_node]: Odometry not yet received, skipping...
WARNING:navigator:[WARN] [19:18:26:982154] [path_publisher_node]: Odometry not yet received, skipping...
INFO:navigator:[INFO] [19:18:27:477893] [odr_visualizer_node]: Could not transform map->base_link
WARNING:navigator:[WARN] [19:18:27:482066] [path_publisher_node]: Odometry not yet received, skipping...
WARNING:navigator:[WARN] [19:18:27:982134] [path_publisher_node]: Odometry not yet received, skipping...
INFO:navigator:[INFO] [19:18:28:477838] [odr_visualizer_node]: Could not transform map->base_link
WARNING:navigator:[WARN] [19:18:28:481848] [path_publisher_node]: Odometry not yet received, skipping...
WARNING:navigator:[WARN] [19:18:28:982201] [path_publisher_node]: Odometry not yet received, skipping...
INFO:navigator:[INFO] [19:18:29:477822] [odr_visualizer_node]: Could not transform map->base_link
WARNING:navigator:[WARN] [19:18:29:481904] [path_publisher_node]: Odometry not yet received, skipping...
WARNING:navigator:[WARN] [19:18:29:982152] [path_publisher_node]: Odometry not yet received, skipping...
INFO:navigator:[INFO] [19:18:30:477644] [odr_visualizer_node]: Could not transform map->base_link
WARNING:navigator:[WARN] [19:18:30:481913] [path_publisher_node]: Odometry not yet received, skipping...
WARNING:navigator:[WARN] [19:18:30:982249] [path_publisher_node]: Odometry not yet received, skipping...
INFO:navigator:[INFO] [19:18:31:477833] [odr_visualizer_node]: Could not transform map->base_link
WARNING:navigator:[WARN] [19:18:31:481958] [path_publisher_node]: Odometry not yet received, skipping...
WARNING:navigator:[WARN] [19:18:31:982275] [path_publisher_node]: Odometry not yet received, skipping...
INFO:navigator:[INFO] [19:18:32:478112] [odr_visualizer_node]: Could not transform map->base_link
WARNING:navigator:[WARN] [19:18:32:481957] [path_publisher_node]: Odometry not yet received, skipping...
WARNING:navigator:[WARN] [19:18:32:982268] [path_publisher_node]: Odometry not yet received, skipping...
INFO:navigator:[INFO] [19:18:33:477928] [odr_visualizer_node]: Could not transform map->base_link
WARNING:navigator:[WARN] [19:18:33:481964] [path_publisher_node]: Odometry not yet received, skipping...
WARNING:navigator:[WARN] [19:18:33:982245] [path_publisher_node]: Odometry not yet received, skipping...
INFO:navigator:[INFO] [19:18:34:477973] [odr_visualizer_node]: Could not transform map->base_link
WARNING:navigator:[WARN] [19:18:34:482196] [path_publisher_node]: Odometry not yet received, skipping...
WARNING:navigator:[WARN] [19:18:34:982351] [path_publisher_node]: Odometry not yet received, skipping...
INFO:navigator:[INFO] [19:18:35:478014] [odr_visualizer_node]: Could not transform map->base_link
WARNING:navigator:[WARN] [19:18:35:482295] [path_publisher_node]: Odometry not yet received, skipping...
WARNING:navigator:[WARN] [19:18:35:982353] [path_publisher_node]: Odometry not yet received, skipping...
INFO:navigator:[INFO] [19:18:36:478114] [odr_visualizer_node]: Could not transform map->base_link
WARNING:navigator:[WARN] [19:18:36:482178] [path_publisher_node]: Odometry not yet received, skipping...
WARNING:navigator:[WARN] [19:18:36:982542] [path_publisher_node]: Odometry not yet received, skipping...
INFO:navigator:[INFO] [19:18:37:478291] [odr_visualizer_node]: Could not transform map->base_link
WARNING:navigator:[WARN] [19:18:37:482086] [path_publisher_node]: Odometry not yet received, skipping...
WARNING:navigator:[WARN] [19:18:37:982460] [path_publisher_node]: Odometry not yet received, skipping...
INFO:navigator:[INFO] [19:18:38:478103] [odr_visualizer_node]: Could not transform map->base_link
WARNING:navigator:[WARN] [19:18:38:482065] [path_publisher_node]: Odometry not yet received, skipping...
WARNING:navigator:[WARN] [19:18:38:982444] [path_publisher_node]: Odometry not yet received, skipping...
INFO:navigator:[INFO] [19:18:39:478072] [odr_visualizer_node]: Could not transform map->base_link
WARNING:navigator:[WARN] [19:18:39:482294] [path_publisher_node]: Odometry not yet received, skipping...
WARNING:navigator:[WARN] [19:18:39:982443] [path_publisher_node]: Odometry not yet received, skipping...
INFO:navigator:[INFO] [19:18:40:478154] [odr_visualizer_node]: Could not transform map->base_link
WARNING:navigator:[WARN] [19:18:40:482349] [path_publisher_node]: Odometry not yet received, skipping...
WARNING:navigator:[WARN] [19:18:40:982502] [path_publisher_node]: Odometry not yet received, skipping...
INFO:navigator:[INFO] [19:18:41:478207] [odr_visualizer_node]: Could not transform map->base_link
WARNING:navigator:[WARN] [19:18:41:482350] [path_publisher_node]: Odometry not yet received, skipping...
WARNING:navigator:[WARN] [19:18:41:982453] [path_publisher_node]: Odometry not yet received, skipping...
INFO:navigator:[INFO] [19:18:42:478290] [odr_visualizer_node]: Could not transform map->base_link
WARNING:navigator:[WARN] [19:18:42:482373] [path_publisher_node]: Odometry not yet received, skipping...
WARNING:navigator:[WARN] [19:18:42:982529] [path_publisher_node]: Odometry not yet received, skipping...
INFO:navigator:[INFO] [19:18:43:478250] [odr_visualizer_node]: Could not transform map->base_link
WARNING:navigator:[WARN] [19:18:43:482226] [path_publisher_node]: Odometry not yet received, skipping...
WARNING:navigator:[WARN] [19:18:43:982526] [path_publisher_node]: Odometry not yet received, skipping...
INFO:navigator:[INFO] [19:18:44:478261] [odr_visualizer_node]: Could not transform map->base_link
WARNING:navigator:[WARN] [19:18:44:482219] [path_publisher_node]: Odometry not yet received, skipping...
WARNING:navigator:[WARN] [19:18:44:982634] [path_publisher_node]: Odometry not yet received, skipping...
INFO:navigator:[INFO] [19:18:45:478246] [odr_visualizer_node]: Could not transform map->base_link
WARNING:navigator:[WARN] [19:18:45:482322] [path_publisher_node]: Odometry not yet received, skipping...
WARNING:navigator:[WARN] [19:18:45:982610] [path_publisher_node]: Odometry not yet received, skipping...
INFO:navigator:[INFO] [19:18:46:478089] [odr_visualizer_node]: Could not transform map->base_link
WARNING:navigator:[WARN] [19:18:46:482331] [path_publisher_node]: Odometry not yet received, skipping...
WARNING:navigator:[WARN] [19:18:46:982507] [path_publisher_node]: Odometry not yet received, skipping...
INFO:navigator:[INFO] [19:18:47:478506] [odr_visualizer_node]: Could not transform map->base_link
WARNING:navigator:[WARN] [19:18:47:482663] [path_publisher_node]: Odometry not yet received, skipping...
WARNING:navigator:[WARN] [19:18:47:982599] [path_publisher_node]: Odometry not yet received, skipping...
INFO:navigator:[INFO] [19:18:48:478179] [odr_visualizer_node]: Could not transform map->base_link
WARNING:navigator:[WARN] [19:18:48:482204] [path_publisher_node]: Odometry not yet received, skipping...
WARNING:navigator:[WARN] [19:18:48:982741] [path_publisher_node]: Odometry not yet received, skipping...
INFO:navigator:[INFO] [19:18:49:478265] [odr_visualizer_node]: Could not transform map->base_link
WARNING:navigator:[WARN] [19:18:49:482330] [path_publisher_node]: Odometry not yet received, skipping...
WARNING:navigator:[WARN] [19:18:49:982718] [path_publisher_node]: Odometry not yet received, skipping...
INFO:navigator:[INFO] [19:18:50:478359] [odr_visualizer_node]: Could not transform map->base_link
WARNING:navigator:[WARN] [19:18:50:482376] [path_publisher_node]: Odometry not yet received, skipping...
WARNING:navigator:[WARN] [19:18:50:982761] [path_publisher_node]: Odometry not yet received, skipping...
INFO:navigator:[INFO] [19:18:51:478307] [odr_visualizer_node]: Could not transform map->base_link
WARNING:navigator:[WARN] [19:18:51:482325] [path_publisher_node]: Odometry not yet received, skipping...
WARNING:navigator:[WARN] [19:18:51:982742] [path_publisher_node]: Odometry not yet received, skipping...
INFO:navigator:[INFO] [19:18:52:478675] [odr_visualizer_node]: Could not transform map->base_link
WARNING:navigator:[WARN] [19:18:52:482369] [path_publisher_node]: Odometry not yet received, skipping...
WARNING:navigator:[WARN] [19:18:52:982763] [path_publisher_node]: Odometry not yet received, skipping...
INFO:navigator:[INFO] [19:18:53:478439] [odr_visualizer_node]: Could not transform map->base_link
WARNING:navigator:[WARN] [19:18:53:482307] [path_publisher_node]: Odometry not yet received, skipping...
WARNING:navigator:[WARN] [19:18:53:982760] [path_publisher_node]: Odometry not yet received, skipping...
INFO:navigator:[INFO] [19:18:54:478525] [odr_visualizer_node]: Could not transform map->base_link
WARNING:navigator:[WARN] [19:18:54:482532] [path_publisher_node]: Odometry not yet received, skipping...
